  edgeDetection.cpp
C:\Users\Tung\Desktop\GitHub\TGMT\Lab2\edgeDetection.cpp(182,24): warning C4244: '=': conversion from 'int' to 'float', possible loss of data
C:\Users\Tung\Desktop\GitHub\TGMT\Lab2\edgeDetection.cpp(183,24): warning C4244: '=': conversion from 'int' to 'float', possible loss of data
C:\Users\Tung\Desktop\GitHub\TGMT\Lab2\edgeDetection.cpp(189,12): warning C4244: '=': conversion from 'double' to 'int', possible loss of data
C:\Users\Tung\Desktop\GitHub\TGMT\Lab2\edgeDetection.cpp(202,19): warning C4244: 'argument': conversion from 'double' to '_Ty', possible loss of data
          with
          [
              _Ty=int
          ]
C:\Users\Tung\Desktop\GitHub\TGMT\Lab2\edgeDetection.cpp(219,14): warning C4244: 'initializing': conversion from '_Ty' to 'int', possible loss of data
          with
          [
              _Ty=double
          ]
  Generating code
  6 of 327 functions ( 1.8%) were compiled, the rest were copied from previous compilation.
    0 functions were new in current compilation
    1 functions had inline decision re-evaluated but remain unchanged
  Finished generating code
  Lab2.vcxproj -> C:\Users\Tung\Desktop\GitHub\TGMT\Lab2\x64\Release\Lab2.exe
